c:\users\kinop\documents\unishid\2006\cppcoursework2023-v105\debug\courseworkbase2020.bsc
c:\users\kinop\documents\unishid\2006\cppcoursework2023-v105\debug\vc143.pdb
c:\users\kinop\documents\unishid\2006\cppcoursework2023-v105\debug\bullet.sbr
c:\users\kinop\documents\unishid\2006\cppcoursework2023-v105\debug\demoa.sbr
c:\users\kinop\documents\unishid\2006\cppcoursework2023-v105\debug\draggingdemo.sbr
c:\users\kinop\documents\unishid\2006\cppcoursework2023-v105\debug\drawingsurface.sbr
c:\users\kinop\documents\unishid\2006\cppcoursework2023-v105\debug\enemyobject.sbr
c:\users\kinop\documents\unishid\2006\cppcoursework2023-v105\debug\flashingdemo.sbr
c:\users\kinop\documents\unishid\2006\cppcoursework2023-v105\debug\imagemappingdemo.sbr
c:\users\kinop\documents\unishid\2006\cppcoursework2023-v105\debug\mainfunction.sbr
c:\users\kinop\documents\unishid\2006\cppcoursework2023-v105\debug\baseengine.sbr
c:\users\kinop\documents\unishid\2006\cppcoursework2023-v105\debug\displayableobject.sbr
c:\users\kinop\documents\unishid\2006\cppcoursework2023-v105\debug\fontmanager.sbr
c:\users\kinop\documents\unishid\2006\cppcoursework2023-v105\debug\mytilemanager.sbr
c:\users\kinop\documents\unishid\2006\cppcoursework2023-v105\debug\objectb.sbr
c:\users\kinop\documents\unishid\2006\cppcoursework2023-v105\debug\psylp4engine.sbr
c:\users\kinop\documents\unishid\2006\cppcoursework2023-v105\debug\psylp4object.sbr
c:\users\kinop\documents\unishid\2006\cppcoursework2023-v105\debug\psylp4tilemanager.sbr
c:\users\kinop\documents\unishid\2006\cppcoursework2023-v105\debug\simpleimage.sbr
c:\users\kinop\documents\unishid\2006\cppcoursework2023-v105\debug\simpledemo.sbr
c:\users\kinop\documents\unishid\2006\cppcoursework2023-v105\debug\starfielddemo.sbr
c:\users\kinop\documents\unishid\2006\cppcoursework2023-v105\debug\tilemanager.sbr
c:\users\kinop\documents\unishid\2006\cppcoursework2023-v105\debug\tilemanager.obj
c:\users\kinop\documents\unishid\2006\cppcoursework2023-v105\debug\starfielddemo.obj
c:\users\kinop\documents\unishid\2006\cppcoursework2023-v105\debug\simpledemo.obj
c:\users\kinop\documents\unishid\2006\cppcoursework2023-v105\debug\simpleimage.obj
c:\users\kinop\documents\unishid\2006\cppcoursework2023-v105\debug\psylp4tilemanager.obj
c:\users\kinop\documents\unishid\2006\cppcoursework2023-v105\debug\psylp4object.obj
c:\users\kinop\documents\unishid\2006\cppcoursework2023-v105\debug\psylp4engine.obj
c:\users\kinop\documents\unishid\2006\cppcoursework2023-v105\debug\objectb.obj
c:\users\kinop\documents\unishid\2006\cppcoursework2023-v105\debug\mytilemanager.obj
c:\users\kinop\documents\unishid\2006\cppcoursework2023-v105\debug\fontmanager.obj
c:\users\kinop\documents\unishid\2006\cppcoursework2023-v105\debug\displayableobject.obj
c:\users\kinop\documents\unishid\2006\cppcoursework2023-v105\debug\baseengine.obj
c:\users\kinop\documents\unishid\2006\cppcoursework2023-v105\debug\mainfunction.obj
c:\users\kinop\documents\unishid\2006\cppcoursework2023-v105\debug\imagemappingdemo.obj
c:\users\kinop\documents\unishid\2006\cppcoursework2023-v105\debug\flashingdemo.obj
c:\users\kinop\documents\unishid\2006\cppcoursework2023-v105\debug\enemyobject.obj
c:\users\kinop\documents\unishid\2006\cppcoursework2023-v105\debug\drawingsurface.obj
c:\users\kinop\documents\unishid\2006\cppcoursework2023-v105\debug\draggingdemo.obj
c:\users\kinop\documents\unishid\2006\cppcoursework2023-v105\debug\demoa.obj
c:\users\kinop\documents\unishid\2006\cppcoursework2023-v105\debug\bullet.obj
c:\users\kinop\documents\unishid\2006\cppcoursework2023-v105\debug\bouncingball.sbr
c:\users\kinop\documents\unishid\2006\cppcoursework2023-v105\debug\bouncingballmain.sbr
c:\users\kinop\documents\unishid\2006\cppcoursework2023-v105\debug\mazedemomain.sbr
c:\users\kinop\documents\unishid\2006\cppcoursework2023-v105\debug\mazedemoobject.sbr
c:\users\kinop\documents\unishid\2006\cppcoursework2023-v105\debug\mazedemotilemanager.sbr
c:\users\kinop\documents\unishid\2006\cppcoursework2023-v105\debug\utility.sbr
c:\users\kinop\documents\unishid\2006\cppcoursework2023-v105\debug\zoomingdemo.sbr
c:\users\kinop\documents\unishid\2006\cppcoursework2023-v105\debug\zoomingdemo.obj
c:\users\kinop\documents\unishid\2006\cppcoursework2023-v105\debug\utility.obj
c:\users\kinop\documents\unishid\2006\cppcoursework2023-v105\debug\mazedemotilemanager.obj
c:\users\kinop\documents\unishid\2006\cppcoursework2023-v105\debug\mazedemoobject.obj
c:\users\kinop\documents\unishid\2006\cppcoursework2023-v105\debug\mazedemomain.obj
c:\users\kinop\documents\unishid\2006\cppcoursework2023-v105\debug\bouncingballmain.obj
c:\users\kinop\documents\unishid\2006\cppcoursework2023-v105\debug\bouncingball.obj
c:\users\kinop\documents\unishid\2006\cppcoursework2023-v105\debug\courseworkbase2020.exe
c:\users\kinop\documents\unishid\2006\cppcoursework2023-v105\src\map
c:\users\kinop\documents\unishid\2006\cppcoursework2023-v105\debug\courseworkbase2020.pdb
c:\users\kinop\documents\unishid\2006\cppcoursework2023-v105\debug\courseworkbase2020.ilk
c:\users\kinop\documents\unishid\2006\cppcoursework2023-v105\/debug\courseworkbase2020.pdb
c:\users\kinop\documents\unishid\2006\cppcoursework2023-v105\/debug\courseworkbase2020.bsc
c:\users\kinop\documents\unishid\2006\cppcoursework2023-v105\/debug\courseworkbase2020.ilk
c:\users\kinop\documents\unishid\2006\cppcoursework2023-v105\/debug\courseworkbase.vcxproj.filelistabsolute.txt
c:\users\kinop\documents\unishid\2006\cppcoursework2023-v105\debug\coursewo.63f64093.tlog\bscmake.command.1.tlog
c:\users\kinop\documents\unishid\2006\cppcoursework2023-v105\debug\coursewo.63f64093.tlog\bscmake.read.1.tlog
c:\users\kinop\documents\unishid\2006\cppcoursework2023-v105\debug\coursewo.63f64093.tlog\bscmake.write.1.tlog
c:\users\kinop\documents\unishid\2006\cppcoursework2023-v105\debug\coursewo.63f64093.tlog\cl.command.1.tlog
c:\users\kinop\documents\unishid\2006\cppcoursework2023-v105\debug\coursewo.63f64093.tlog\cl.items.tlog
c:\users\kinop\documents\unishid\2006\cppcoursework2023-v105\debug\coursewo.63f64093.tlog\cl.read.1.tlog
c:\users\kinop\documents\unishid\2006\cppcoursework2023-v105\debug\coursewo.63f64093.tlog\cl.write.1.tlog
c:\users\kinop\documents\unishid\2006\cppcoursework2023-v105\debug\coursewo.63f64093.tlog\link.command.1.tlog
c:\users\kinop\documents\unishid\2006\cppcoursework2023-v105\debug\coursewo.63f64093.tlog\link.read.1.tlog
c:\users\kinop\documents\unishid\2006\cppcoursework2023-v105\debug\coursewo.63f64093.tlog\link.secondary.1.tlog
c:\users\kinop\documents\unishid\2006\cppcoursework2023-v105\debug\coursewo.63f64093.tlog\link.write.1.tlog
